2023-01-11 19:36:26,758 INFO notifyConnectTimeout:100

2023-01-11 19:36:26,760 INFO notifySocketTimeout:200

2023-01-11 19:36:26,760 INFO isHealthCheck:true

2023-01-11 19:36:26,760 INFO maxHealthCheckFailCount:12

2023-01-11 19:36:26,761 INFO maxContent:10485760

2023-01-11 19:37:13,716 INFO notifyConnectTimeout:100

2023-01-11 19:37:13,719 INFO notifySocketTimeout:200

2023-01-11 19:37:13,719 INFO isHealthCheck:true

2023-01-11 19:37:13,719 INFO maxHealthCheckFailCount:12

2023-01-11 19:37:13,719 INFO maxContent:10485760

2023-01-11 19:37:17,255 INFO use local db service for init

2023-01-11 19:37:18,290 WARN Lexical error at line 4, column 66.  Encountered: <EOF> after : "".

2023-01-11 19:37:18,294 WARN Syntax error: Encountered "*" at line 1, column 1.

2023-01-11 19:37:18,652 WARN Lexical error at line 4, column 13.  Encountered: "`" (96), after : "".

2023-01-11 19:37:18,652 WARN Lexical error at line 1, column 13.  Encountered: "`" (96), after : "".

2023-01-11 19:37:18,653 WARN Lexical error at line 1, column 13.  Encountered: "`" (96), after : "".

2023-01-11 19:37:18,653 WARN Lexical error at line 1, column 13.  Encountered: "`" (96), after : "".

2023-01-11 19:37:18,653 INFO use StandaloneDatabaseOperateImpl

2023-01-11 19:37:18,725 WARN DumpService start

2023-01-11 19:37:18,727 INFO start clear all config-info.

2023-01-11 19:37:18,727 WARN clear all config-info failed.

2023-01-11 19:37:18,727 WARN clear all config-info-tenant failed.

2023-01-11 19:37:18,762 INFO start clear all config-info-beta.

2023-01-11 19:37:18,762 WARN clear all config-info-beta failed.

2023-01-11 19:37:18,762 WARN clear all config-info-beta-tenant failed.

2023-01-11 19:37:18,771 INFO start clear all config-info-tag.

2023-01-11 19:37:18,771 WARN clear all config-info-tag failed.

2023-01-11 19:37:18,771 WARN clear all config-info-tag-tenant failed.

